The target system is: Linux -  - aarch64
The host system is: Linux - 5.15.0-91-generic - x86_64
Compiling the C compiler identification source file "CMakeCCompilerId.c" succeeded.
Compiler: /opt/aarch64--glibc--stable-2023.11-1/bin/aarch64-linux-gcc 
Build flags: 
Id flags:  

The output was:
0


Compilation of the C compiler identification source "CMakeCCompilerId.c" produced "a.out"

The C compiler identification is GNU, found in "/home/devbox/Programming/CMake_Build_System/CMakeFiles/3.16.3/CompilerIdC/a.out"

Determining if the C compiler works passed with the following output:
Change Dir: /home/devbox/Programming/CMake_Build_System/CMakeFiles/CMakeTmp

Run Build Command(s):/usr/bin/make cmTC_003ab/fast && make[1]: Entering directory '/home/devbox/Programming/CMake_Build_System/CMakeFiles/CMakeTmp'
/usr/bin/make -f CMakeFiles/cmTC_003ab.dir/build.make CMakeFiles/cmTC_003ab.dir/build
make[2]: Entering directory '/home/devbox/Programming/CMake_Build_System/CMakeFiles/CMakeTmp'
Building C object CMakeFiles/cmTC_003ab.dir/testCCompiler.c.o
/opt/aarch64--glibc--stable-2023.11-1/bin/aarch64-linux-gcc    -o CMakeFiles/cmTC_003ab.dir/testCCompiler.c.o   -c /home/devbox/Programming/CMake_Build_System/CMakeFiles/CMakeTmp/testCCompiler.c
Linking C executable cmTC_003ab
/usr/bin/cmake -E cmake_link_script CMakeFiles/cmTC_003ab.dir/link.txt --verbose=1
/opt/aarch64--glibc--stable-2023.11-1/bin/aarch64-linux-gcc      CMakeFiles/cmTC_003ab.dir/testCCompiler.c.o  -o cmTC_003ab 
make[2]: Leaving directory '/home/devbox/Programming/CMake_Build_System/CMakeFiles/CMakeTmp'
make[1]: Leaving directory '/home/devbox/Programming/CMake_Build_System/CMakeFiles/CMakeTmp'



Detecting C compiler ABI info compiled with the following output:
Change Dir: /home/devbox/Programming/CMake_Build_System/CMakeFiles/CMakeTmp

Run Build Command(s):/usr/bin/make cmTC_5e7a6/fast && make[1]: Entering directory '/home/devbox/Programming/CMake_Build_System/CMakeFiles/CMakeTmp'
/usr/bin/make -f CMakeFiles/cmTC_5e7a6.dir/build.make CMakeFiles/cmTC_5e7a6.dir/build
make[2]: Entering directory '/home/devbox/Programming/CMake_Build_System/CMakeFiles/CMakeTmp'
Building C object CMakeFiles/cmTC_5e7a6.dir/CMakeCCompilerABI.c.o
/opt/aarch64--glibc--stable-2023.11-1/bin/aarch64-linux-gcc   -v -o CMakeFiles/cmTC_5e7a6.dir/CMakeCCompilerABI.c.o   -c /usr/share/cmake-3.16/Modules/CMakeCCompilerABI.c
Using built-in specs.
COLLECT_GCC=/opt/aarch64--glibc--stable-2023.11-1/bin/aarch64-linux-gcc.br_real
Target: aarch64-buildroot-linux-gnu
Configured with: ./configure --prefix=/builds/buildroot.org/toolchains-builder/build/aarch64--glibc--stable-2023.11-1 --sysconfdir=/builds/buildroot.org/toolchains-builder/build/aarch64--glibc--stable-2023.11-1/etc --enable-static --target=aarch64-buildroot-linux-gnu --with-sysroot=/builds/buildroot.org/toolchains-builder/build/aarch64--glibc--stable-2023.11-1/aarch64-buildroot-linux-gnu/sysroot --enable-__cxa_atexit --with-gnu-ld --disable-libssp --disable-multilib --disable-decimal-float --enable-plugins --enable-lto --with-gmp=/builds/buildroot.org/toolchains-builder/build/aarch64--glibc--stable-2023.11-1 --with-mpc=/builds/buildroot.org/toolchains-builder/build/aarch64--glibc--stable-2023.11-1 --with-mpfr=/builds/buildroot.org/toolchains-builder/build/aarch64--glibc--stable-2023.11-1 --with-pkgversion='Buildroot 2021.11-10014-g6257e8c' --with-bugurl=http://bugs.buildroot.net/ --without-zstd --disable-libquadmath --disable-libquadmath-support --enable-tls --enable-threads --without-isl --without-cloog --with-abi=lp64 --with-cpu=cortex-a53 --enable-languages=c,c++,fortran --with-build-time-tools=/builds/buildroot.org/toolchains-builder/build/aarch64--glibc--stable-2023.11-1/aarch64-buildroot-linux-gnu/bin --enable-shared --enable-libgomp
Thread model: posix
Supported LTO compression algorithms: zlib
gcc version 12.3.0 (Buildroot 2021.11-10014-g6257e8c) 
COLLECT_GCC_OPTIONS='--sysroot=/opt/aarch64--glibc--stable-2023.11-1/aarch64-buildroot-linux-gnu/sysroot' '-fstack-protector-strong' '-fPIE' '-pie' '-v' '-o' 'CMakeFiles/cmTC_5e7a6.dir/CMakeCCompilerABI.c.o' '-c' '-mcpu=cortex-a53' '-mlittle-endian' '-mabi=lp64' '-dumpdir' 'CMakeFiles/cmTC_5e7a6.dir/'
 /opt/aarch64--glibc--stable-2023.11-1/bin/../libexec/gcc/aarch64-buildroot-linux-gnu/12.3.0/cc1 -quiet -v -iprefix /opt/aarch64--glibc--stable-2023.11-1/bin/../lib/gcc/aarch64-buildroot-linux-gnu/12.3.0/ -isysroot /opt/aarch64--glibc--stable-2023.11-1/aarch64-buildroot-linux-gnu/sysroot /usr/share/cmake-3.16/Modules/CMakeCCompilerABI.c -quiet -dumpdir CMakeFiles/cmTC_5e7a6.dir/ -dumpbase CMakeCCompilerABI.c.c -dumpbase-ext .c -mcpu=cortex-a53 -mlittle-endian -mabi=lp64 -version -fstack-protector-strong -fPIE -o /tmp/ccOZbRjl.s
GNU C17 (Buildroot 2021.11-10014-g6257e8c) version 12.3.0 (aarch64-buildroot-linux-gnu)
	compiled by GNU C version 4.9.2, GMP version 6.3.0, MPFR version 4.1.1, MPC version 1.2.1, isl version none
GGC heuristics: --param ggc-min-expand=100 --param ggc-min-heapsize=131072
ignoring duplicate directory "/opt/aarch64--glibc--stable-2023.11-1/bin/../lib/gcc/../../lib/gcc/aarch64-buildroot-linux-gnu/12.3.0/include"
ignoring nonexistent directory "/opt/aarch64--glibc--stable-2023.11-1/aarch64-buildroot-linux-gnu/sysroot/usr/local/include"
ignoring duplicate directory "/opt/aarch64--glibc--stable-2023.11-1/bin/../lib/gcc/../../lib/gcc/aarch64-buildroot-linux-gnu/12.3.0/include-fixed"
ignoring duplicate directory "/opt/aarch64--glibc--stable-2023.11-1/bin/../lib/gcc/../../lib/gcc/aarch64-buildroot-linux-gnu/12.3.0/../../../../aarch64-buildroot-linux-gnu/include"
#include "..." search starts here:
#include <...> search starts here:
 /opt/aarch64--glibc--stable-2023.11-1/bin/../lib/gcc/aarch64-buildroot-linux-gnu/12.3.0/include
 /opt/aarch64--glibc--stable-2023.11-1/bin/../lib/gcc/aarch64-buildroot-linux-gnu/12.3.0/include-fixed
 /opt/aarch64--glibc--stable-2023.11-1/bin/../lib/gcc/aarch64-buildroot-linux-gnu/12.3.0/../../../../aarch64-buildroot-linux-gnu/include
 /opt/aarch64--glibc--stable-2023.11-1/aarch64-buildroot-linux-gnu/sysroot/usr/include
End of search list.
GNU C17 (Buildroot 2021.11-10014-g6257e8c) version 12.3.0 (aarch64-buildroot-linux-gnu)
	compiled by GNU C version 4.9.2, GMP version 6.3.0, MPFR version 4.1.1, MPC version 1.2.1, isl version none
GGC heuristics: --param ggc-min-expand=100 --param ggc-min-heapsize=131072
Compiler executable checksum: 29ddbf86ef72c42e220f3e184c24ec6e
COLLECT_GCC_OPTIONS='--sysroot=/opt/aarch64--glibc--stable-2023.11-1/aarch64-buildroot-linux-gnu/sysroot' '-fstack-protector-strong' '-fPIE' '-pie' '-v' '-o' 'CMakeFiles/cmTC_5e7a6.dir/CMakeCCompilerABI.c.o' '-c' '-mcpu=cortex-a53' '-mlittle-endian' '-mabi=lp64' '-dumpdir' 'CMakeFiles/cmTC_5e7a6.dir/'
 /opt/aarch64--glibc--stable-2023.11-1/bin/../lib/gcc/aarch64-buildroot-linux-gnu/12.3.0/../../../../aarch64-buildroot-linux-gnu/bin/as -v -EL -march=armv8-a+crc -mabi=lp64 -o CMakeFiles/cmTC_5e7a6.dir/CMakeCCompilerABI.c.o /tmp/ccOZbRjl.s
GNU assembler version 2.40 (aarch64-buildroot-linux-gnu) using BFD version (GNU Binutils) 2.40
COMPILER_PATH=/opt/aarch64--glibc--stable-2023.11-1/bin/../libexec/gcc/aarch64-buildroot-linux-gnu/12.3.0/:/opt/aarch64--glibc--stable-2023.11-1/bin/../libexec/gcc/:/opt/aarch64--glibc--stable-2023.11-1/bin/../lib/gcc/aarch64-buildroot-linux-gnu/12.3.0/../../../../aarch64-buildroot-linux-gnu/bin/
LIBRARY_PATH=/opt/aarch64--glibc--stable-2023.11-1/bin/../lib/gcc/aarch64-buildroot-linux-gnu/12.3.0/:/opt/aarch64--glibc--stable-2023.11-1/bin/../lib/gcc/:/opt/aarch64--glibc--stable-2023.11-1/bin/../lib/gcc/aarch64-buildroot-linux-gnu/12.3.0/../../../../aarch64-buildroot-linux-gnu/lib/../lib64/:/opt/aarch64--glibc--stable-2023.11-1/aarch64-buildroot-linux-gnu/sysroot/lib/../lib64/:/opt/aarch64--glibc--stable-2023.11-1/aarch64-buildroot-linux-gnu/sysroot/usr/lib/../lib64/:/opt/aarch64--glibc--stable-2023.11-1/bin/../lib/gcc/aarch64-buildroot-linux-gnu/12.3.0/../../../../aarch64-buildroot-linux-gnu/lib/:/opt/aarch64--glibc--stable-2023.11-1/aarch64-buildroot-linux-gnu/sysroot/lib/:/opt/aarch64--glibc--stable-2023.11-1/aarch64-buildroot-linux-gnu/sysroot/usr/lib/
COLLECT_GCC_OPTIONS='--sysroot=/opt/aarch64--glibc--stable-2023.11-1/aarch64-buildroot-linux-gnu/sysroot' '-fstack-protector-strong' '-fPIE' '-pie' '-v' '-o' 'CMakeFiles/cmTC_5e7a6.dir/CMakeCCompilerABI.c.o' '-c' '-mcpu=cortex-a53' '-mlittle-endian' '-mabi=lp64' '-dumpdir' 'CMakeFiles/cmTC_5e7a6.dir/CMakeCCompilerABI.c.'
Linking C executable cmTC_5e7a6
/usr/bin/cmake -E cmake_link_script CMakeFiles/cmTC_5e7a6.dir/link.txt --verbose=1
/opt/aarch64--glibc--stable-2023.11-1/bin/aarch64-linux-gcc     -v CMakeFiles/cmTC_5e7a6.dir/CMakeCCompilerABI.c.o  -o cmTC_5e7a6 
Using built-in specs.
COLLECT_GCC=/opt/aarch64--glibc--stable-2023.11-1/bin/aarch64-linux-gcc.br_real
COLLECT_LTO_WRAPPER=/opt/aarch64--glibc--stable-2023.11-1/bin/../libexec/gcc/aarch64-buildroot-linux-gnu/12.3.0/lto-wrapper
Target: aarch64-buildroot-linux-gnu
Configured with: ./configure --prefix=/builds/buildroot.org/toolchains-builder/build/aarch64--glibc--stable-2023.11-1 --sysconfdir=/builds/buildroot.org/toolchains-builder/build/aarch64--glibc--stable-2023.11-1/etc --enable-static --target=aarch64-buildroot-linux-gnu --with-sysroot=/builds/buildroot.org/toolchains-builder/build/aarch64--glibc--stable-2023.11-1/aarch64-buildroot-linux-gnu/sysroot --enable-__cxa_atexit --with-gnu-ld --disable-libssp --disable-multilib --disable-decimal-float --enable-plugins --enable-lto --with-gmp=/builds/buildroot.org/toolchains-builder/build/aarch64--glibc--stable-2023.11-1 --with-mpc=/builds/buildroot.org/toolchains-builder/build/aarch64--glibc--stable-2023.11-1 --with-mpfr=/builds/buildroot.org/toolchains-builder/build/aarch64--glibc--stable-2023.11-1 --with-pkgversion='Buildroot 2021.11-10014-g6257e8c' --with-bugurl=http://bugs.buildroot.net/ --without-zstd --disable-libquadmath --disable-libquadmath-support --enable-tls --enable-threads --without-isl --without-cloog --with-abi=lp64 --with-cpu=cortex-a53 --enable-languages=c,c++,fortran --with-build-time-tools=/builds/buildroot.org/toolchains-builder/build/aarch64--glibc--stable-2023.11-1/aarch64-buildroot-linux-gnu/bin --enable-shared --enable-libgomp
Thread model: posix
Supported LTO compression algorithms: zlib
gcc version 12.3.0 (Buildroot 2021.11-10014-g6257e8c) 
COMPILER_PATH=/opt/aarch64--glibc--stable-2023.11-1/bin/../libexec/gcc/aarch64-buildroot-linux-gnu/12.3.0/:/opt/aarch64--glibc--stable-2023.11-1/bin/../libexec/gcc/:/opt/aarch64--glibc--stable-2023.11-1/bin/../lib/gcc/aarch64-buildroot-linux-gnu/12.3.0/../../../../aarch64-buildroot-linux-gnu/bin/
LIBRARY_PATH=/opt/aarch64--glibc--stable-2023.11-1/bin/../lib/gcc/aarch64-buildroot-linux-gnu/12.3.0/:/opt/aarch64--glibc--stable-2023.11-1/bin/../lib/gcc/:/opt/aarch64--glibc--stable-2023.11-1/bin/../lib/gcc/aarch64-buildroot-linux-gnu/12.3.0/../../../../aarch64-buildroot-linux-gnu/lib/../lib64/:/opt/aarch64--glibc--stable-2023.11-1/aarch64-buildroot-linux-gnu/sysroot/lib/../lib64/:/opt/aarch64--glibc--stable-2023.11-1/aarch64-buildroot-linux-gnu/sysroot/usr/lib/../lib64/:/opt/aarch64--glibc--stable-2023.11-1/bin/../lib/gcc/aarch64-buildroot-linux-gnu/12.3.0/../../../../aarch64-buildroot-linux-gnu/lib/:/opt/aarch64--glibc--stable-2023.11-1/aarch64-buildroot-linux-gnu/sysroot/lib/:/opt/aarch64--glibc--stable-2023.11-1/aarch64-buildroot-linux-gnu/sysroot/usr/lib/
COLLECT_GCC_OPTIONS='--sysroot=/opt/aarch64--glibc--stable-2023.11-1/aarch64-buildroot-linux-gnu/sysroot' '-fstack-protector-strong' '-fPIE' '-pie' '-v' '-o' 'cmTC_5e7a6' '-mcpu=cortex-a53' '-mlittle-endian' '-mabi=lp64' '-dumpdir' 'cmTC_5e7a6.'
 /opt/aarch64--glibc--stable-2023.11-1/bin/../libexec/gcc/aarch64-buildroot-linux-gnu/12.3.0/collect2 -plugin /opt/aarch64--glibc--stable-2023.11-1/bin/../libexec/gcc/aarch64-buildroot-linux-gnu/12.3.0/liblto_plugin.so -plugin-opt=/opt/aarch64--glibc--stable-2023.11-1/bin/../libexec/gcc/aarch64-buildroot-linux-gnu/12.3.0/lto-wrapper -plugin-opt=-fresolution=/tmp/ccGxOFpO.res -plugin-opt=-pass-through=-lgcc -plugin-opt=-pass-through=-lgcc_s -plugin-opt=-pass-through=-lc -plugin-opt=-pass-through=-lgcc -plugin-opt=-pass-through=-lgcc_s --sysroot=/opt/aarch64--glibc--stable-2023.11-1/aarch64-buildroot-linux-gnu/sysroot --eh-frame-hdr -dynamic-linker /lib/ld-linux-aarch64.so.1 -X -EL -maarch64linux -pie -o cmTC_5e7a6 /opt/aarch64--glibc--stable-2023.11-1/aarch64-buildroot-linux-gnu/sysroot/usr/lib/../lib64/Scrt1.o /opt/aarch64--glibc--stable-2023.11-1/aarch64-buildroot-linux-gnu/sysroot/usr/lib/../lib64/crti.o /opt/aarch64--glibc--stable-2023.11-1/bin/../lib/gcc/aarch64-buildroot-linux-gnu/12.3.0/crtbeginS.o -L/opt/aarch64--glibc--stable-2023.11-1/bin/../lib/gcc/aarch64-buildroot-linux-gnu/12.3.0 -L/opt/aarch64--glibc--stable-2023.11-1/bin/../lib/gcc -L/opt/aarch64--glibc--stable-2023.11-1/bin/../lib/gcc/aarch64-buildroot-linux-gnu/12.3.0/../../../../aarch64-buildroot-linux-gnu/lib/../lib64 -L/opt/aarch64--glibc--stable-2023.11-1/aarch64-buildroot-linux-gnu/sysroot/lib/../lib64 -L/opt/aarch64--glibc--stable-2023.11-1/aarch64-buildroot-linux-gnu/sysroot/usr/lib/../lib64 -L/opt/aarch64--glibc--stable-2023.11-1/bin/../lib/gcc/aarch64-buildroot-linux-gnu/12.3.0/../../../../aarch64-buildroot-linux-gnu/lib -L/opt/aarch64--glibc--stable-2023.11-1/aarch64-buildroot-linux-gnu/sysroot/lib -L/opt/aarch64--glibc--stable-2023.11-1/aarch64-buildroot-linux-gnu/sysroot/usr/lib -z max-page-size=4096 -z common-page-size=4096 -z now -z relro CMakeFiles/cmTC_5e7a6.dir/CMakeCCompilerABI.c.o -lgcc --push-state --as-needed -lgcc_s --pop-state -lc -lgcc --push-state --as-needed -lgcc_s --pop-state /opt/aarch64--glibc--stable-2023.11-1/bin/../lib/gcc/aarch64-buildroot-linux-gnu/12.3.0/crtendS.o /opt/aarch64--glibc--stable-2023.11-1/aarch64-buildroot-linux-gnu/sysroot/usr/lib/../lib64/crtn.o
COLLECT_GCC_OPTIONS='--sysroot=/opt/aarch64--glibc--stable-2023.11-1/aarch64-buildroot-linux-gnu/sysroot' '-fstack-protector-strong' '-fPIE' '-pie' '-v' '-o' 'cmTC_5e7a6' '-mcpu=cortex-a53' '-mlittle-endian' '-mabi=lp64' '-dumpdir' 'cmTC_5e7a6.'
make[2]: Leaving directory '/home/devbox/Programming/CMake_Build_System/CMakeFiles/CMakeTmp'
make[1]: Leaving directory '/home/devbox/Programming/CMake_Build_System/CMakeFiles/CMakeTmp'



Parsed C implicit include dir info from above output: rv=done
  found start of include info
  found start of implicit include info
    add: [/opt/aarch64--glibc--stable-2023.11-1/bin/../lib/gcc/aarch64-buildroot-linux-gnu/12.3.0/include]
    add: [/opt/aarch64--glibc--stable-2023.11-1/bin/../lib/gcc/aarch64-buildroot-linux-gnu/12.3.0/include-fixed]
    add: [/opt/aarch64--glibc--stable-2023.11-1/bin/../lib/gcc/aarch64-buildroot-linux-gnu/12.3.0/../../../../aarch64-buildroot-linux-gnu/include]
    add: [/opt/aarch64--glibc--stable-2023.11-1/aarch64-buildroot-linux-gnu/sysroot/usr/include]
  end of search list found
  collapse include dir [/opt/aarch64--glibc--stable-2023.11-1/bin/../lib/gcc/aarch64-buildroot-linux-gnu/12.3.0/include] ==> [/opt/aarch64--glibc--stable-2023.11-1/lib/gcc/aarch64-buildroot-linux-gnu/12.3.0/include]
  collapse include dir [/opt/aarch64--glibc--stable-2023.11-1/bin/../lib/gcc/aarch64-buildroot-linux-gnu/12.3.0/include-fixed] ==> [/opt/aarch64--glibc--stable-2023.11-1/lib/gcc/aarch64-buildroot-linux-gnu/12.3.0/include-fixed]
  collapse include dir [/opt/aarch64--glibc--stable-2023.11-1/bin/../lib/gcc/aarch64-buildroot-linux-gnu/12.3.0/../../../../aarch64-buildroot-linux-gnu/include] ==> [/opt/aarch64--glibc--stable-2023.11-1/aarch64-buildroot-linux-gnu/include]
  collapse include dir [/opt/aarch64--glibc--stable-2023.11-1/aarch64-buildroot-linux-gnu/sysroot/usr/include] ==> [/opt/aarch64--glibc--stable-2023.11-1/aarch64-buildroot-linux-gnu/sysroot/usr/include]
  implicit include dirs: [/opt/aarch64--glibc--stable-2023.11-1/lib/gcc/aarch64-buildroot-linux-gnu/12.3.0/include;/opt/aarch64--glibc--stable-2023.11-1/lib/gcc/aarch64-buildroot-linux-gnu/12.3.0/include-fixed;/opt/aarch64--glibc--stable-2023.11-1/aarch64-buildroot-linux-gnu/include;/opt/aarch64--glibc--stable-2023.11-1/aarch64-buildroot-linux-gnu/sysroot/usr/include]


Parsed C implicit link information from above output:
  link line regex: [^( *|.*[/\])(aarch64-linux-ld|CMAKE_LINK_STARTFILE-NOTFOUND|([^/\]+-)?ld|collect2)[^/\]*( |$)]
  ignore line: [Change Dir: /home/devbox/Programming/CMake_Build_System/CMakeFiles/CMakeTmp]
  ignore line: []
  ignore line: [Run Build Command(s):/usr/bin/make cmTC_5e7a6/fast && make[1]: Entering directory '/home/devbox/Programming/CMake_Build_System/CMakeFiles/CMakeTmp']
  ignore line: [/usr/bin/make -f CMakeFiles/cmTC_5e7a6.dir/build.make CMakeFiles/cmTC_5e7a6.dir/build]
  ignore line: [make[2]: Entering directory '/home/devbox/Programming/CMake_Build_System/CMakeFiles/CMakeTmp']
  ignore line: [Building C object CMakeFiles/cmTC_5e7a6.dir/CMakeCCompilerABI.c.o]
  ignore line: [/opt/aarch64--glibc--stable-2023.11-1/bin/aarch64-linux-gcc   -v -o CMakeFiles/cmTC_5e7a6.dir/CMakeCCompilerABI.c.o   -c /usr/share/cmake-3.16/Modules/CMakeCCompilerABI.c]
  ignore line: [Using built-in specs.]
  ignore line: [COLLECT_GCC=/opt/aarch64--glibc--stable-2023.11-1/bin/aarch64-linux-gcc.br_real]
  ignore line: [Target: aarch64-buildroot-linux-gnu]
  ignore line: [Configured with: ./configure --prefix=/builds/buildroot.org/toolchains-builder/build/aarch64--glibc--stable-2023.11-1 --sysconfdir=/builds/buildroot.org/toolchains-builder/build/aarch64--glibc--stable-2023.11-1/etc --enable-static --target=aarch64-buildroot-linux-gnu --with-sysroot=/builds/buildroot.org/toolchains-builder/build/aarch64--glibc--stable-2023.11-1/aarch64-buildroot-linux-gnu/sysroot --enable-__cxa_atexit --with-gnu-ld --disable-libssp --disable-multilib --disable-decimal-float --enable-plugins --enable-lto --with-gmp=/builds/buildroot.org/toolchains-builder/build/aarch64--glibc--stable-2023.11-1 --with-mpc=/builds/buildroot.org/toolchains-builder/build/aarch64--glibc--stable-2023.11-1 --with-mpfr=/builds/buildroot.org/toolchains-builder/build/aarch64--glibc--stable-2023.11-1 --with-pkgversion='Buildroot 2021.11-10014-g6257e8c' --with-bugurl=http://bugs.buildroot.net/ --without-zstd --disable-libquadmath --disable-libquadmath-support --enable-tls --enable-threads --without-isl --without-cloog --with-abi=lp64 --with-cpu=cortex-a53 --enable-languages=c,c++,fortran --with-build-time-tools=/builds/buildroot.org/toolchains-builder/build/aarch64--glibc--stable-2023.11-1/aarch64-buildroot-linux-gnu/bin --enable-shared --enable-libgomp]
  ignore line: [Thread model: posix]
  ignore line: [Supported LTO compression algorithms: zlib]
  ignore line: [gcc version 12.3.0 (Buildroot 2021.11-10014-g6257e8c) ]
  ignore line: [COLLECT_GCC_OPTIONS='--sysroot=/opt/aarch64--glibc--stable-2023.11-1/aarch64-buildroot-linux-gnu/sysroot' '-fstack-protector-strong' '-fPIE' '-pie' '-v' '-o' 'CMakeFiles/cmTC_5e7a6.dir/CMakeCCompilerABI.c.o' '-c' '-mcpu=cortex-a53' '-mlittle-endian' '-mabi=lp64' '-dumpdir' 'CMakeFiles/cmTC_5e7a6.dir/']
  ignore line: [ /opt/aarch64--glibc--stable-2023.11-1/bin/../libexec/gcc/aarch64-buildroot-linux-gnu/12.3.0/cc1 -quiet -v -iprefix /opt/aarch64--glibc--stable-2023.11-1/bin/../lib/gcc/aarch64-buildroot-linux-gnu/12.3.0/ -isysroot /opt/aarch64--glibc--stable-2023.11-1/aarch64-buildroot-linux-gnu/sysroot /usr/share/cmake-3.16/Modules/CMakeCCompilerABI.c -quiet -dumpdir CMakeFiles/cmTC_5e7a6.dir/ -dumpbase CMakeCCompilerABI.c.c -dumpbase-ext .c -mcpu=cortex-a53 -mlittle-endian -mabi=lp64 -version -fstack-protector-strong -fPIE -o /tmp/ccOZbRjl.s]
  ignore line: [GNU C17 (Buildroot 2021.11-10014-g6257e8c) version 12.3.0 (aarch64-buildroot-linux-gnu)]
  ignore line: [	compiled by GNU C version 4.9.2  GMP version 6.3.0  MPFR version 4.1.1  MPC version 1.2.1  isl version none]
  ignore line: [GGC heuristics: --param ggc-min-expand=100 --param ggc-min-heapsize=131072]
  ignore line: [ignoring duplicate directory "/opt/aarch64--glibc--stable-2023.11-1/bin/../lib/gcc/../../lib/gcc/aarch64-buildroot-linux-gnu/12.3.0/include"]
  ignore line: [ignoring nonexistent directory "/opt/aarch64--glibc--stable-2023.11-1/aarch64-buildroot-linux-gnu/sysroot/usr/local/include"]
  ignore line: [ignoring duplicate directory "/opt/aarch64--glibc--stable-2023.11-1/bin/../lib/gcc/../../lib/gcc/aarch64-buildroot-linux-gnu/12.3.0/include-fixed"]
  ignore line: [ignoring duplicate directory "/opt/aarch64--glibc--stable-2023.11-1/bin/../lib/gcc/../../lib/gcc/aarch64-buildroot-linux-gnu/12.3.0/../../../../aarch64-buildroot-linux-gnu/include"]
  ignore line: [#include "..." search starts here:]
  ignore line: [#include <...> search starts here:]
  ignore line: [ /opt/aarch64--glibc--stable-2023.11-1/bin/../lib/gcc/aarch64-buildroot-linux-gnu/12.3.0/include]
  ignore line: [ /opt/aarch64--glibc--stable-2023.11-1/bin/../lib/gcc/aarch64-buildroot-linux-gnu/12.3.0/include-fixed]
  ignore line: [ /opt/aarch64--glibc--stable-2023.11-1/bin/../lib/gcc/aarch64-buildroot-linux-gnu/12.3.0/../../../../aarch64-buildroot-linux-gnu/include]
  ignore line: [ /opt/aarch64--glibc--stable-2023.11-1/aarch64-buildroot-linux-gnu/sysroot/usr/include]
  ignore line: [End of search list.]
  ignore line: [GNU C17 (Buildroot 2021.11-10014-g6257e8c) version 12.3.0 (aarch64-buildroot-linux-gnu)]
  ignore line: [	compiled by GNU C version 4.9.2  GMP version 6.3.0  MPFR version 4.1.1  MPC version 1.2.1  isl version none]
  ignore line: [GGC heuristics: --param ggc-min-expand=100 --param ggc-min-heapsize=131072]
  ignore line: [Compiler executable checksum: 29ddbf86ef72c42e220f3e184c24ec6e]
  ignore line: [COLLECT_GCC_OPTIONS='--sysroot=/opt/aarch64--glibc--stable-2023.11-1/aarch64-buildroot-linux-gnu/sysroot' '-fstack-protector-strong' '-fPIE' '-pie' '-v' '-o' 'CMakeFiles/cmTC_5e7a6.dir/CMakeCCompilerABI.c.o' '-c' '-mcpu=cortex-a53' '-mlittle-endian' '-mabi=lp64' '-dumpdir' 'CMakeFiles/cmTC_5e7a6.dir/']
  ignore line: [ /opt/aarch64--glibc--stable-2023.11-1/bin/../lib/gcc/aarch64-buildroot-linux-gnu/12.3.0/../../../../aarch64-buildroot-linux-gnu/bin/as -v -EL -march=armv8-a+crc -mabi=lp64 -o CMakeFiles/cmTC_5e7a6.dir/CMakeCCompilerABI.c.o /tmp/ccOZbRjl.s]
  ignore line: [GNU assembler version 2.40 (aarch64-buildroot-linux-gnu) using BFD version (GNU Binutils) 2.40]
  ignore line: [COMPILER_PATH=/opt/aarch64--glibc--stable-2023.11-1/bin/../libexec/gcc/aarch64-buildroot-linux-gnu/12.3.0/:/opt/aarch64--glibc--stable-2023.11-1/bin/../libexec/gcc/:/opt/aarch64--glibc--stable-2023.11-1/bin/../lib/gcc/aarch64-buildroot-linux-gnu/12.3.0/../../../../aarch64-buildroot-linux-gnu/bin/]
  ignore line: [LIBRARY_PATH=/opt/aarch64--glibc--stable-2023.11-1/bin/../lib/gcc/aarch64-buildroot-linux-gnu/12.3.0/:/opt/aarch64--glibc--stable-2023.11-1/bin/../lib/gcc/:/opt/aarch64--glibc--stable-2023.11-1/bin/../lib/gcc/aarch64-buildroot-linux-gnu/12.3.0/../../../../aarch64-buildroot-linux-gnu/lib/../lib64/:/opt/aarch64--glibc--stable-2023.11-1/aarch64-buildroot-linux-gnu/sysroot/lib/../lib64/:/opt/aarch64--glibc--stable-2023.11-1/aarch64-buildroot-linux-gnu/sysroot/usr/lib/../lib64/:/opt/aarch64--glibc--stable-2023.11-1/bin/../lib/gcc/aarch64-buildroot-linux-gnu/12.3.0/../../../../aarch64-buildroot-linux-gnu/lib/:/opt/aarch64--glibc--stable-2023.11-1/aarch64-buildroot-linux-gnu/sysroot/lib/:/opt/aarch64--glibc--stable-2023.11-1/aarch64-buildroot-linux-gnu/sysroot/usr/lib/]
  ignore line: [COLLECT_GCC_OPTIONS='--sysroot=/opt/aarch64--glibc--stable-2023.11-1/aarch64-buildroot-linux-gnu/sysroot' '-fstack-protector-strong' '-fPIE' '-pie' '-v' '-o' 'CMakeFiles/cmTC_5e7a6.dir/CMakeCCompilerABI.c.o' '-c' '-mcpu=cortex-a53' '-mlittle-endian' '-mabi=lp64' '-dumpdir' 'CMakeFiles/cmTC_5e7a6.dir/CMakeCCompilerABI.c.']
  ignore line: [Linking C executable cmTC_5e7a6]
  ignore line: [/usr/bin/cmake -E cmake_link_script CMakeFiles/cmTC_5e7a6.dir/link.txt --verbose=1]
  ignore line: [/opt/aarch64--glibc--stable-2023.11-1/bin/aarch64-linux-gcc     -v CMakeFiles/cmTC_5e7a6.dir/CMakeCCompilerABI.c.o  -o cmTC_5e7a6 ]
  ignore line: [Using built-in specs.]
  ignore line: [COLLECT_GCC=/opt/aarch64--glibc--stable-2023.11-1/bin/aarch64-linux-gcc.br_real]
  ignore line: [COLLECT_LTO_WRAPPER=/opt/aarch64--glibc--stable-2023.11-1/bin/../libexec/gcc/aarch64-buildroot-linux-gnu/12.3.0/lto-wrapper]
  ignore line: [Target: aarch64-buildroot-linux-gnu]
  ignore line: [Configured with: ./configure --prefix=/builds/buildroot.org/toolchains-builder/build/aarch64--glibc--stable-2023.11-1 --sysconfdir=/builds/buildroot.org/toolchains-builder/build/aarch64--glibc--stable-2023.11-1/etc --enable-static --target=aarch64-buildroot-linux-gnu --with-sysroot=/builds/buildroot.org/toolchains-builder/build/aarch64--glibc--stable-2023.11-1/aarch64-buildroot-linux-gnu/sysroot --enable-__cxa_atexit --with-gnu-ld --disable-libssp --disable-multilib --disable-decimal-float --enable-plugins --enable-lto --with-gmp=/builds/buildroot.org/toolchains-builder/build/aarch64--glibc--stable-2023.11-1 --with-mpc=/builds/buildroot.org/toolchains-builder/build/aarch64--glibc--stable-2023.11-1 --with-mpfr=/builds/buildroot.org/toolchains-builder/build/aarch64--glibc--stable-2023.11-1 --with-pkgversion='Buildroot 2021.11-10014-g6257e8c' --with-bugurl=http://bugs.buildroot.net/ --without-zstd --disable-libquadmath --disable-libquadmath-support --enable-tls --enable-threads --without-isl --without-cloog --with-abi=lp64 --with-cpu=cortex-a53 --enable-languages=c,c++,fortran --with-build-time-tools=/builds/buildroot.org/toolchains-builder/build/aarch64--glibc--stable-2023.11-1/aarch64-buildroot-linux-gnu/bin --enable-shared --enable-libgomp]
  ignore line: [Thread model: posix]
  ignore line: [Supported LTO compression algorithms: zlib]
  ignore line: [gcc version 12.3.0 (Buildroot 2021.11-10014-g6257e8c) ]
  ignore line: [COMPILER_PATH=/opt/aarch64--glibc--stable-2023.11-1/bin/../libexec/gcc/aarch64-buildroot-linux-gnu/12.3.0/:/opt/aarch64--glibc--stable-2023.11-1/bin/../libexec/gcc/:/opt/aarch64--glibc--stable-2023.11-1/bin/../lib/gcc/aarch64-buildroot-linux-gnu/12.3.0/../../../../aarch64-buildroot-linux-gnu/bin/]
  ignore line: [LIBRARY_PATH=/opt/aarch64--glibc--stable-2023.11-1/bin/../lib/gcc/aarch64-buildroot-linux-gnu/12.3.0/:/opt/aarch64--glibc--stable-2023.11-1/bin/../lib/gcc/:/opt/aarch64--glibc--stable-2023.11-1/bin/../lib/gcc/aarch64-buildroot-linux-gnu/12.3.0/../../../../aarch64-buildroot-linux-gnu/lib/../lib64/:/opt/aarch64--glibc--stable-2023.11-1/aarch64-buildroot-linux-gnu/sysroot/lib/../lib64/:/opt/aarch64--glibc--stable-2023.11-1/aarch64-buildroot-linux-gnu/sysroot/usr/lib/../lib64/:/opt/aarch64--glibc--stable-2023.11-1/bin/../lib/gcc/aarch64-buildroot-linux-gnu/12.3.0/../../../../aarch64-buildroot-linux-gnu/lib/:/opt/aarch64--glibc--stable-2023.11-1/aarch64-buildroot-linux-gnu/sysroot/lib/:/opt/aarch64--glibc--stable-2023.11-1/aarch64-buildroot-linux-gnu/sysroot/usr/lib/]
  ignore line: [COLLECT_GCC_OPTIONS='--sysroot=/opt/aarch64--glibc--stable-2023.11-1/aarch64-buildroot-linux-gnu/sysroot' '-fstack-protector-strong' '-fPIE' '-pie' '-v' '-o' 'cmTC_5e7a6' '-mcpu=cortex-a53' '-mlittle-endian' '-mabi=lp64' '-dumpdir' 'cmTC_5e7a6.']
  link line: [ /opt/aarch64--glibc--stable-2023.11-1/bin/../libexec/gcc/aarch64-buildroot-linux-gnu/12.3.0/collect2 -plugin /opt/aarch64--glibc--stable-2023.11-1/bin/../libexec/gcc/aarch64-buildroot-linux-gnu/12.3.0/liblto_plugin.so -plugin-opt=/opt/aarch64--glibc--stable-2023.11-1/bin/../libexec/gcc/aarch64-buildroot-linux-gnu/12.3.0/lto-wrapper -plugin-opt=-fresolution=/tmp/ccGxOFpO.res -plugin-opt=-pass-through=-lgcc -plugin-opt=-pass-through=-lgcc_s -plugin-opt=-pass-through=-lc -plugin-opt=-pass-through=-lgcc -plugin-opt=-pass-through=-lgcc_s --sysroot=/opt/aarch64--glibc--stable-2023.11-1/aarch64-buildroot-linux-gnu/sysroot --eh-frame-hdr -dynamic-linker /lib/ld-linux-aarch64.so.1 -X -EL -maarch64linux -pie -o cmTC_5e7a6 /opt/aarch64--glibc--stable-2023.11-1/aarch64-buildroot-linux-gnu/sysroot/usr/lib/../lib64/Scrt1.o /opt/aarch64--glibc--stable-2023.11-1/aarch64-buildroot-linux-gnu/sysroot/usr/lib/../lib64/crti.o /opt/aarch64--glibc--stable-2023.11-1/bin/../lib/gcc/aarch64-buildroot-linux-gnu/12.3.0/crtbeginS.o -L/opt/aarch64--glibc--stable-2023.11-1/bin/../lib/gcc/aarch64-buildroot-linux-gnu/12.3.0 -L/opt/aarch64--glibc--stable-2023.11-1/bin/../lib/gcc -L/opt/aarch64--glibc--stable-2023.11-1/bin/../lib/gcc/aarch64-buildroot-linux-gnu/12.3.0/../../../../aarch64-buildroot-linux-gnu/lib/../lib64 -L/opt/aarch64--glibc--stable-2023.11-1/aarch64-buildroot-linux-gnu/sysroot/lib/../lib64 -L/opt/aarch64--glibc--stable-2023.11-1/aarch64-buildroot-linux-gnu/sysroot/usr/lib/../lib64 -L/opt/aarch64--glibc--stable-2023.11-1/bin/../lib/gcc/aarch64-buildroot-linux-gnu/12.3.0/../../../../aarch64-buildroot-linux-gnu/lib -L/opt/aarch64--glibc--stable-2023.11-1/aarch64-buildroot-linux-gnu/sysroot/lib -L/opt/aarch64--glibc--stable-2023.11-1/aarch64-buildroot-linux-gnu/sysroot/usr/lib -z max-page-size=4096 -z common-page-size=4096 -z now -z relro CMakeFiles/cmTC_5e7a6.dir/CMakeCCompilerABI.c.o -lgcc --push-state --as-needed -lgcc_s --pop-state -lc -lgcc --push-state --as-needed -lgcc_s --pop-state /opt/aarch64--glibc--stable-2023.11-1/bin/../lib/gcc/aarch64-buildroot-linux-gnu/12.3.0/crtendS.o /opt/aarch64--glibc--stable-2023.11-1/aarch64-buildroot-linux-gnu/sysroot/usr/lib/../lib64/crtn.o]
    arg [/opt/aarch64--glibc--stable-2023.11-1/bin/../libexec/gcc/aarch64-buildroot-linux-gnu/12.3.0/collect2] ==> ignore
    arg [-plugin] ==> ignore
    arg [/opt/aarch64--glibc--stable-2023.11-1/bin/../libexec/gcc/aarch64-buildroot-linux-gnu/12.3.0/liblto_plugin.so] ==> ignore
    arg [-plugin-opt=/opt/aarch64--glibc--stable-2023.11-1/bin/../libexec/gcc/aarch64-buildroot-linux-gnu/12.3.0/lto-wrapper] ==> ignore
    arg [-plugin-opt=-fresolution=/tmp/ccGxOFpO.res] ==> ignore
    arg [-plugin-opt=-pass-through=-lgcc] ==> ignore
    arg [-plugin-opt=-pass-through=-lgcc_s] ==> ignore
    arg [-plugin-opt=-pass-through=-lc] ==> ignore
    arg [-plugin-opt=-pass-through=-lgcc] ==> ignore
    arg [-plugin-opt=-pass-through=-lgcc_s] ==> ignore
    arg [--sysroot=/opt/aarch64--glibc--stable-2023.11-1/aarch64-buildroot-linux-gnu/sysroot] ==> ignore
    arg [--eh-frame-hdr] ==> ignore
    arg [-dynamic-linker] ==> ignore
    arg [/lib/ld-linux-aarch64.so.1] ==> ignore
    arg [-X] ==> ignore
    arg [-EL] ==> ignore
    arg [-maarch64linux] ==> ignore
    arg [-pie] ==> ignore
    arg [-o] ==> ignore
    arg [cmTC_5e7a6] ==> ignore
    arg [/opt/aarch64--glibc--stable-2023.11-1/aarch64-buildroot-linux-gnu/sysroot/usr/lib/../lib64/Scrt1.o] ==> ignore
    arg [/opt/aarch64--glibc--stable-2023.11-1/aarch64-buildroot-linux-gnu/sysroot/usr/lib/../lib64/crti.o] ==> ignore
    arg [/opt/aarch64--glibc--stable-2023.11-1/bin/../lib/gcc/aarch64-buildroot-linux-gnu/12.3.0/crtbeginS.o] ==> ignore
    arg [-L/opt/aarch64--glibc--stable-2023.11-1/bin/../lib/gcc/aarch64-buildroot-linux-gnu/12.3.0] ==> dir [/opt/aarch64--glibc--stable-2023.11-1/bin/../lib/gcc/aarch64-buildroot-linux-gnu/12.3.0]
    arg [-L/opt/aarch64--glibc--stable-2023.11-1/bin/../lib/gcc] ==> dir [/opt/aarch64--glibc--stable-2023.11-1/bin/../lib/gcc]
    arg [-L/opt/aarch64--glibc--stable-2023.11-1/bin/../lib/gcc/aarch64-buildroot-linux-gnu/12.3.0/../../../../aarch64-buildroot-linux-gnu/lib/../lib64] ==> dir [/opt/aarch64--glibc--stable-2023.11-1/bin/../lib/gcc/aarch64-buildroot-linux-gnu/12.3.0/../../../../aarch64-buildroot-linux-gnu/lib/../lib64]
    arg [-L/opt/aarch64--glibc--stable-2023.11-1/aarch64-buildroot-linux-gnu/sysroot/lib/../lib64] ==> dir [/opt/aarch64--glibc--stable-2023.11-1/aarch64-buildroot-linux-gnu/sysroot/lib/../lib64]
    arg [-L/opt/aarch64--glibc--stable-2023.11-1/aarch64-buildroot-linux-gnu/sysroot/usr/lib/../lib64] ==> dir [/opt/aarch64--glibc--stable-2023.11-1/aarch64-buildroot-linux-gnu/sysroot/usr/lib/../lib64]
    arg [-L/opt/aarch64--glibc--stable-2023.11-1/bin/../lib/gcc/aarch64-buildroot-linux-gnu/12.3.0/../../../../aarch64-buildroot-linux-gnu/lib] ==> dir [/opt/aarch64--glibc--stable-2023.11-1/bin/../lib/gcc/aarch64-buildroot-linux-gnu/12.3.0/../../../../aarch64-buildroot-linux-gnu/lib]
    arg [-L/opt/aarch64--glibc--stable-2023.11-1/aarch64-buildroot-linux-gnu/sysroot/lib] ==> dir [/opt/aarch64--glibc--stable-2023.11-1/aarch64-buildroot-linux-gnu/sysroot/lib]
    arg [-L/opt/aarch64--glibc--stable-2023.11-1/aarch64-buildroot-linux-gnu/sysroot/usr/lib] ==> dir [/opt/aarch64--glibc--stable-2023.11-1/aarch64-buildroot-linux-gnu/sysroot/usr/lib]
    arg [-zmax-page-size=4096] ==> ignore
    arg [-zcommon-page-size=4096] ==> ignore
    arg [-znow] ==> ignore
    arg [-zrelro] ==> ignore
    arg [CMakeFiles/cmTC_5e7a6.dir/CMakeCCompilerABI.c.o] ==> ignore
    arg [-lgcc] ==> lib [gcc]
    arg [--push-state] ==> ignore
    arg [--as-needed] ==> ignore
    arg [-lgcc_s] ==> lib [gcc_s]
    arg [--pop-state] ==> ignore
    arg [-lc] ==> lib [c]
    arg [-lgcc] ==> lib [gcc]
    arg [--push-state] ==> ignore
    arg [--as-needed] ==> ignore
    arg [-lgcc_s] ==> lib [gcc_s]
    arg [--pop-state] ==> ignore
    arg [/opt/aarch64--glibc--stable-2023.11-1/bin/../lib/gcc/aarch64-buildroot-linux-gnu/12.3.0/crtendS.o] ==> ignore
    arg [/opt/aarch64--glibc--stable-2023.11-1/aarch64-buildroot-linux-gnu/sysroot/usr/lib/../lib64/crtn.o] ==> ignore
  collapse library dir [/opt/aarch64--glibc--stable-2023.11-1/bin/../lib/gcc/aarch64-buildroot-linux-gnu/12.3.0] ==> [/opt/aarch64--glibc--stable-2023.11-1/lib/gcc/aarch64-buildroot-linux-gnu/12.3.0]
  collapse library dir [/opt/aarch64--glibc--stable-2023.11-1/bin/../lib/gcc] ==> [/opt/aarch64--glibc--stable-2023.11-1/lib/gcc]
  collapse library dir [/opt/aarch64--glibc--stable-2023.11-1/bin/../lib/gcc/aarch64-buildroot-linux-gnu/12.3.0/../../../../aarch64-buildroot-linux-gnu/lib/../lib64] ==> [/opt/aarch64--glibc--stable-2023.11-1/aarch64-buildroot-linux-gnu/lib64]
  collapse library dir [/opt/aarch64--glibc--stable-2023.11-1/aarch64-buildroot-linux-gnu/sysroot/lib/../lib64] ==> [/opt/aarch64--glibc--stable-2023.11-1/aarch64-buildroot-linux-gnu/sysroot/lib64]
  collapse library dir [/opt/aarch64--glibc--stable-2023.11-1/aarch64-buildroot-linux-gnu/sysroot/usr/lib/../lib64] ==> [/opt/aarch64--glibc--stable-2023.11-1/aarch64-buildroot-linux-gnu/sysroot/usr/lib64]
  collapse library dir [/opt/aarch64--glibc--stable-2023.11-1/bin/../lib/gcc/aarch64-buildroot-linux-gnu/12.3.0/../../../../aarch64-buildroot-linux-gnu/lib] ==> [/opt/aarch64--glibc--stable-2023.11-1/aarch64-buildroot-linux-gnu/lib]
  collapse library dir [/opt/aarch64--glibc--stable-2023.11-1/aarch64-buildroot-linux-gnu/sysroot/lib] ==> [/opt/aarch64--glibc--stable-2023.11-1/aarch64-buildroot-linux-gnu/sysroot/lib]
  collapse library dir [/opt/aarch64--glibc--stable-2023.11-1/aarch64-buildroot-linux-gnu/sysroot/usr/lib] ==> [/opt/aarch64--glibc--stable-2023.11-1/aarch64-buildroot-linux-gnu/sysroot/usr/lib]
  implicit libs: [gcc;gcc_s;c;gcc;gcc_s]
  implicit dirs: [/opt/aarch64--glibc--stable-2023.11-1/lib/gcc/aarch64-buildroot-linux-gnu/12.3.0;/opt/aarch64--glibc--stable-2023.11-1/lib/gcc;/opt/aarch64--glibc--stable-2023.11-1/aarch64-buildroot-linux-gnu/lib64;/opt/aarch64--glibc--stable-2023.11-1/aarch64-buildroot-linux-gnu/sysroot/lib64;/opt/aarch64--glibc--stable-2023.11-1/aarch64-buildroot-linux-gnu/sysroot/usr/lib64;/opt/aarch64--glibc--stable-2023.11-1/aarch64-buildroot-linux-gnu/lib;/opt/aarch64--glibc--stable-2023.11-1/aarch64-buildroot-linux-gnu/sysroot/lib;/opt/aarch64--glibc--stable-2023.11-1/aarch64-buildroot-linux-gnu/sysroot/usr/lib]
  implicit fwks: []


